<?xml version="1.0" encoding="UTF-8"?>
<!-- Generated by org.testng.reporters.JUnitXMLReporter -->
<testsuite ignored="0" hostname="DESKTOP-64U6NDI" failures="0" tests="3" name="Default test" time="42.518" errors="0" timestamp="14 Aug. 2019 02:07:12 GMT">
  <testcase classname="com.crm.qa.testcases.LoginPageTest" name="loginPageTiltleTest" time="0.011"/>
  <testcase classname="com.crm.qa.testcases.LoginPageTest" name="crmLogoImageTest" time="0.099"/>
  <testcase classname="com.crm.qa.testcases.LoginPageTest" name="loginTest" time="13.255"/>
</testsuite> <!-- Default test -->
