<?xml version="1.0" encoding="UTF-8"?>
<!-- Generated by org.testng.reporters.JUnitXMLReporter -->
<testsuite ignored="0" hostname="DESKTOP-64U6NDI" failures="0" tests="6" name="Free CRM Test Cases" time="97.62" errors="0" timestamp="13 Aug. 2019 10:09:51 GMT">
  <testcase classname="com.crm.qa.testcases.LoginPageTest" name="loginPageTiltleTest" time="0.009"/>
  <testcase classname="com.crm.qa.testcases.HomePageTest" name="verifyHomePageTitleTest" time="0.009"/>
  <testcase classname="com.crm.qa.testcases.LoginPageTest" name="crmLogoImageTest" time="0.047"/>
  <testcase classname="com.crm.qa.testcases.HomePageTest" name="verifyUserNameTest" time="0.076"/>
  <testcase classname="com.crm.qa.testcases.LoginPageTest" name="loginTest" time="9.76"/>
  <testcase classname="com.crm.qa.testcases.HomePageTest" name="verfigyContactsListTest" time="1.073"/>
</testsuite> <!-- Free CRM Test Cases -->
