<?xml version="1.0" encoding="UTF-8"?>
<!-- Generated by org.testng.reporters.JUnitXMLReporter -->
<testsuite ignored="0" hostname="DESKTOP-64U6NDI" failures="0" tests="5" name="Regression" time="104.951" errors="0" timestamp="13 Aug. 2019 10:11:36 GMT">
  <testcase classname="com.crm.qa.testcases.ContactsPageTest" name="verifyContactsPageLabel" time="0.034"/>
  <testcase classname="com.crm.qa.testcases.ContactsPageTest" name="selectContactsTest" time="0.071"/>
  <testcase classname="com.crm.qa.testcases.ContactsPageTest" name="validateCreateNewContact" time="3.046"/>
  <testcase classname="com.crm.qa.testcases.ContactsPageTest" name="validateCreateNewContact" time="2.872"/>
  <testcase classname="com.crm.qa.testcases.ContactsPageTest" name="validateCreateNewContact" time="2.862"/>
</testsuite> <!-- Regression -->
