<?xml version="1.0" encoding="UTF-8"?>
<!-- Generated by org.testng.reporters.JUnitXMLReporter -->
<testsuite ignored="0" hostname="DESKTOP-64U6NDI" failures="0" tests="9" name="Command line test" time="139.133" errors="0" timestamp="14 Aug. 2019 02:17:06 GMT">
  <testcase classname="com.crm.qa.testcases.ContactsPageTest" name="verifyContactsPageLabel" time="0.068"/>
  <testcase classname="com.crm.qa.testcases.HomePageTest" name="verifyHomePageTitleTest" time="0.007"/>
  <testcase classname="com.crm.qa.testcases.LoginPageTest" name="loginPageTiltleTest" time="0.02"/>
  <testcase classname="com.crm.qa.testcases.ContactsPageTest" name="selectContactsTest" time="0.109"/>
  <testcase classname="com.crm.qa.testcases.HomePageTest" name="verifyUserNameTest" time="0.279"/>
  <testcase classname="com.crm.qa.testcases.LoginPageTest" name="crmLogoImageTest" time="0.116"/>
  <testcase classname="com.crm.qa.testcases.ContactsPageTest" name="validateCreateNewContact" time="0.0">
    <skipped/>
  </testcase> <!-- validateCreateNewContact -->
  <testcase classname="com.crm.qa.testcases.HomePageTest" name="verfigyContactsListTest" time="1.118"/>
  <testcase classname="com.crm.qa.testcases.LoginPageTest" name="loginTest" time="9.561"/>
</testsuite> <!-- Command line test -->
