<?xml version="1.0" encoding="UTF-8"?>
<testng-results ignored="0" total="3" passed="3" failed="0" skipped="0">
  <reporter-output>
  </reporter-output>
  <suite started-at="2019-08-14T02:06:30Z" name="Default suite" finished-at="2019-08-14T02:07:12Z" duration-ms="42518">
    <groups>
    </groups>
    <test started-at="2019-08-14T02:06:30Z" name="Default test" finished-at="2019-08-14T02:07:12Z" duration-ms="42518">
      <class name="com.crm.qa.testcases.LoginPageTest">
        <test-method is-config="true" signature="setup()[pri:0, instance:com.crm.qa.testcases.LoginPageTest@23f7d05d]" started-at="2019-08-14T02:06:30Z" name="setup" finished-at="2019-08-14T02:06:39Z" duration-ms="9203" status="PASS">
          <reporter-output>
          </reporter-output>
        </test-method> <!-- setup -->
        <test-method signature="loginPageTiltleTest()[pri:1, instance:com.crm.qa.testcases.LoginPageTest@23f7d05d]" started-at="2019-08-14T02:06:39Z" name="loginPageTiltleTest" finished-at="2019-08-14T02:06:39Z" duration-ms="11" status="PASS">
          <reporter-output>
          </reporter-output>
        </test-method> <!-- loginPageTiltleTest -->
        <test-method is-config="true" signature="tearDown()[pri:0, instance:com.crm.qa.testcases.LoginPageTest@23f7d05d]" started-at="2019-08-14T02:06:39Z" name="tearDown" finished-at="2019-08-14T02:06:40Z" duration-ms="606" status="PASS">
          <reporter-output>
          </reporter-output>
        </test-method> <!-- tearDown -->
        <test-method is-config="true" signature="setup()[pri:0, instance:com.crm.qa.testcases.LoginPageTest@23f7d05d]" started-at="2019-08-14T02:06:40Z" name="setup" finished-at="2019-08-14T02:06:47Z" duration-ms="7862" status="PASS">
          <reporter-output>
          </reporter-output>
        </test-method> <!-- setup -->
        <test-method signature="crmLogoImageTest()[pri:2, instance:com.crm.qa.testcases.LoginPageTest@23f7d05d]" started-at="2019-08-14T02:06:47Z" name="crmLogoImageTest" finished-at="2019-08-14T02:06:48Z" duration-ms="99" status="PASS">
          <reporter-output>
          </reporter-output>
        </test-method> <!-- crmLogoImageTest -->
        <test-method is-config="true" signature="tearDown()[pri:0, instance:com.crm.qa.testcases.LoginPageTest@23f7d05d]" started-at="2019-08-14T02:06:48Z" name="tearDown" finished-at="2019-08-14T02:06:48Z" duration-ms="601" status="PASS">
          <reporter-output>
          </reporter-output>
        </test-method> <!-- tearDown -->
        <test-method is-config="true" signature="setup()[pri:0, instance:com.crm.qa.testcases.LoginPageTest@23f7d05d]" started-at="2019-08-14T02:06:48Z" name="setup" finished-at="2019-08-14T02:06:58Z" duration-ms="10237" status="PASS">
          <reporter-output>
          </reporter-output>
        </test-method> <!-- setup -->
        <test-method signature="loginTest()[pri:3, instance:com.crm.qa.testcases.LoginPageTest@23f7d05d]" started-at="2019-08-14T02:06:58Z" name="loginTest" finished-at="2019-08-14T02:07:12Z" duration-ms="13255" status="PASS">
          <reporter-output>
          </reporter-output>
        </test-method> <!-- loginTest -->
        <test-method is-config="true" signature="tearDown()[pri:0, instance:com.crm.qa.testcases.LoginPageTest@23f7d05d]" started-at="2019-08-14T02:07:12Z" name="tearDown" finished-at="2019-08-14T02:07:12Z" duration-ms="608" status="PASS">
          <reporter-output>
          </reporter-output>
        </test-method> <!-- tearDown -->
      </class> <!-- com.crm.qa.testcases.LoginPageTest -->
    </test> <!-- Default test -->
  </suite> <!-- Default suite -->
</testng-results>
